<html>
<head>
<title>TestNG:  Command line test</title>
<link href="../testng.css" rel="stylesheet" type="text/css" />
<link href="../my-testng.css" rel="stylesheet" type="text/css" />

<style type="text/css">
.log { display: none;} 
.stack-trace { display: none;} 
</style>
<script type="text/javascript">
<!--
function flip(e) {
  current = e.style.display;
  if (current == 'block') {
    e.style.display = 'none';
    return 0;
  }
  else {
    e.style.display = 'block';
    return 1;
  }
}

function toggleBox(szDivId, elem, msg1, msg2)
{
  var res = -1;  if (document.getElementById) {
    res = flip(document.getElementById(szDivId));
  }
  else if (document.all) {
    // this is the way old msie versions work
    res = flip(document.all[szDivId]);
  }
  if(elem) {
    if(res == 0) elem.innerHTML = msg1; else elem.innerHTML = msg2;
  }

}

function toggleAllBoxes() {
  if (document.getElementsByTagName) {
    d = document.getElementsByTagName('div');
    for (i = 0; i < d.length; i++) {
      if (d[i].className == 'log') {
        flip(d[i]);
      }
    }
  }
}

// -->
</script>

</head>
<body>
<h2 align='center'>Command line test</h2><table border='1' align="center">
<tr>
<td>Tests passed/Failed/Skipped:</td><td>23/2/0</td>
</tr><tr>
<td>Started on:</td><td>Tue Jan 26 22:27:58 CST 2021</td>
</tr>
<tr><td>Total time:</td><td>5 seconds (5108 ms)</td>
</tr><tr>
<td>Included groups:</td><td></td>
</tr><tr>
<td>Excluded groups:</td><td></td>
</tr>
</table><p/>
<small><i>(Hover the method name to see the test class name)</i></small><p/>
<table width='100%' border='1' class='invocation-failed'>
<tr><td colspan='4' align='center'><b>FAILED TESTS</b></td></tr>
<tr><td><b>Test method</b></td>
<td width="30%"><b>Exception</b></td>
<td width="10%"><b>Time (seconds)</b></td>
<td><b>Instance</b></td>
</tr>
<tr>
<td title='com.test.learning.parameter.ParameterTest.parameterTest()'><b>parameterTest</b><br>Test class: com.test.learning.parameter.ParameterTest</td>
<td><div><pre>org.testng.TestNGException: 
Parameter &apos;name&apos; is required by @Test on method parameterTest but has not been marked @Optional or defined

... Removed 33 stack frames</pre></div><a href='#' onClick='toggleBox("stack-trace1525262377", this, "Click to show all stack frames", "Click to hide stack frames")'>Click to show all stack frames</a>
<div class='stack-trace' id='stack-trace1525262377'><pre>org.testng.TestNGException: 
Parameter &apos;name&apos; is required by @Test on method parameterTest but has not been marked @Optional or defined

	at org.testng.internal.Parameters.createParameters(Parameters.java:199)
	at org.testng.internal.Parameters.createParameters(Parameters.java:443)
	at org.testng.internal.Parameters.handleParameters(Parameters.java:568)
	at org.testng.internal.Invoker.handleParameters(Invoker.java:1293)
	at org.testng.internal.Invoker.createParameters(Invoker.java:1020)
	at org.testng.internal.Invoker.invokeTestMethods(Invoker.java:1110)
	at org.testng.internal.TestMethodWorker.invokeTestMethods(TestMethodWorker.java:129)
	at org.testng.internal.TestMethodWorker.run(TestMethodWorker.java:112)
	at org.testng.TestRunner.privateRun(TestRunner.java:756)
	at org.testng.TestRunner.run(TestRunner.java:610)
	at org.testng.SuiteRunner.runTest(SuiteRunner.java:387)
	at org.testng.SuiteRunner.runSequentially(SuiteRunner.java:382)
	at org.testng.SuiteRunner.privateRun(SuiteRunner.java:340)
	at org.testng.SuiteRunner.run(SuiteRunner.java:289)
	at org.testng.SuiteRunnerWorker.runSuite(SuiteRunnerWorker.java:52)
	at org.testng.SuiteRunnerWorker.run(SuiteRunnerWorker.java:86)
	at org.testng.TestNG.runSuitesSequentially(TestNG.java:1293)
	at org.testng.TestNG.runSuitesLocally(TestNG.java:1218)
	at org.testng.TestNG.runSuites(TestNG.java:1133)
	at org.testng.TestNG.run(TestNG.java:1104)
	at org.apache.maven.surefire.testng.TestNGExecutor.run(TestNGExecutor.java:77)
	at org.apache.maven.surefire.testng.TestNGDirectoryTestSuite.executeMulti(TestNGDirectoryTestSuite.java:159)
	at org.apache.maven.surefire.testng.TestNGDirectoryTestSuite.execute(TestNGDirectoryTestSuite.java:99)
	at org.apache.maven.surefire.testng.TestNGProvider.invoke(TestNGProvider.java:106)
	at sun.reflect.NativeMethodAccessorImpl.invoke0(Native Method)
	at sun.reflect.NativeMethodAccessorImpl.invoke(NativeMethodAccessorImpl.java:62)
	at sun.reflect.DelegatingMethodAccessorImpl.invoke(DelegatingMethodAccessorImpl.java:43)
	at java.lang.reflect.Method.invoke(Method.java:498)
	at org.apache.maven.surefire.util.ReflectionUtils.invokeMethodWithArray(ReflectionUtils.java:189)
	at org.apache.maven.surefire.booter.ProviderFactory$ProviderProxy.invoke(ProviderFactory.java:165)
	at org.apache.maven.surefire.booter.ProviderFactory.invokeProvider(ProviderFactory.java:85)
	at org.apache.maven.surefire.booter.ForkedBooter.runSuitesInProcess(ForkedBooter.java:115)
	at org.apache.maven.surefire.booter.ForkedBooter.main(ForkedBooter.java:75)
</pre></div></td>
<td>0</td>
<td>com.test.learning.parameter.ParameterTest@5ba23b66</td></tr>
<tr>
<td title='com.test.learning.TimeOutTest.timeOutFailed()'><b>timeOutFailed</b><br>Test class: com.test.learning.TimeOutTest</td>
<td><div><pre>org.testng.internal.thread.ThreadTimeoutException: Method com.test.learning.TimeOutTest.timeOutFailed() didn&apos;t finish within the time-out 3000
</pre></div><a href='#' onClick='toggleBox("stack-trace2015601401", this, "Click to show all stack frames", "Click to hide stack frames")'>Click to show all stack frames</a>
<div class='stack-trace' id='stack-trace2015601401'><pre>org.testng.internal.thread.ThreadTimeoutException: Method com.test.learning.TimeOutTest.timeOutFailed() didn&apos;t finish within the time-out 3000
</pre></div></td>
<td>3</td>
<td>com.test.learning.TimeOutTest@3f0ee7cb</td></tr>
</table><p>
<table width='100%' border='1' class='invocation-passed'>
<tr><td colspan='4' align='center'><b>PASSED TESTS</b></td></tr>
<tr><td><b>Test method</b></td>
<td width="30%"><b>Exception</b></td>
<td width="10%"><b>Time (seconds)</b></td>
<td><b>Instance</b></td>
</tr>
<tr>
<td title='com.test.learning.IgnoreTest.ignoreTestOne()'><b>ignoreTestOne</b><br>Test class: com.test.learning.IgnoreTest</td>
<td></td>
<td>0</td>
<td>com.test.learning.IgnoreTest@7cf10a6f</td></tr>
<tr>
<td title='com.test.learning.suit.LoginTest.loginTaoBao()'><b>loginTaoBao</b><br>Test class: com.test.learning.suit.LoginTest</td>
<td></td>
<td>0</td>
<td>com.test.learning.suit.LoginTest@2ff4f00f</td></tr>
<tr>
<td title='com.test.learning.suit.PayTest.paySuccess()'><b>paySuccess</b><br>Test class: com.test.learning.suit.PayTest</td>
<td></td>
<td>0</td>
<td>com.test.learning.suit.PayTest@c818063</td></tr>
<tr>
<td title='com.test.learning.multithread.MultiThreadTest.test1()'><b>test1</b><br>Test class: com.test.learning.multithread.MultiThreadTest</td>
<td></td>
<td>0</td>
<td>com.test.learning.multithread.MultiThreadTest@7e0babb1</td></tr>
<tr>
<td title='com.test.learning.multithread.MultiThreadTest.test1()'><b>test1</b><br>Test class: com.test.learning.multithread.MultiThreadTest</td>
<td></td>
<td>0</td>
<td>com.test.learning.multithread.MultiThreadTest@7e0babb1</td></tr>
<tr>
<td title='com.test.learning.multithread.MultiThreadTest.test1()'><b>test1</b><br>Test class: com.test.learning.multithread.MultiThreadTest</td>
<td></td>
<td>0</td>
<td>com.test.learning.multithread.MultiThreadTest@7e0babb1</td></tr>
<tr>
<td title='com.test.learning.multithread.MultiThreadTest.test1()'><b>test1</b><br>Test class: com.test.learning.multithread.MultiThreadTest</td>
<td></td>
<td>0</td>
<td>com.test.learning.multithread.MultiThreadTest@7e0babb1</td></tr>
<tr>
<td title='com.test.learning.multithread.MultiThreadTest.test1()'><b>test1</b><br>Test class: com.test.learning.multithread.MultiThreadTest</td>
<td></td>
<td>0</td>
<td>com.test.learning.multithread.MultiThreadTest@7e0babb1</td></tr>
<tr>
<td title='com.test.learning.multithread.MultiThreadTest.test1()'><b>test1</b><br>Test class: com.test.learning.multithread.MultiThreadTest</td>
<td></td>
<td>0</td>
<td>com.test.learning.multithread.MultiThreadTest@7e0babb1</td></tr>
<tr>
<td title='com.test.learning.multithread.MultiThreadTest.test1()'><b>test1</b><br>Test class: com.test.learning.multithread.MultiThreadTest</td>
<td></td>
<td>0</td>
<td>com.test.learning.multithread.MultiThreadTest@7e0babb1</td></tr>
<tr>
<td title='com.test.learning.multithread.MultiThreadTest.test1()'><b>test1</b><br>Test class: com.test.learning.multithread.MultiThreadTest</td>
<td></td>
<td>0</td>
<td>com.test.learning.multithread.MultiThreadTest@7e0babb1</td></tr>
<tr>
<td title='com.test.learning.multithread.MultiThreadTest.test1()'><b>test1</b><br>Test class: com.test.learning.multithread.MultiThreadTest</td>
<td></td>
<td>0</td>
<td>com.test.learning.multithread.MultiThreadTest@7e0babb1</td></tr>
<tr>
<td title='com.test.learning.multithread.MultiThreadTest.test1()'><b>test1</b><br>Test class: com.test.learning.multithread.MultiThreadTest</td>
<td></td>
<td>0</td>
<td>com.test.learning.multithread.MultiThreadTest@7e0babb1</td></tr>
<tr>
<td title='com.test.learning.parameter.DataProviderTest.test1()'><b>test1</b><br>Test class: com.test.learning.parameter.DataProviderTest<br>Parameters: 张三, 男, 10</td>
<td></td>
<td>0</td>
<td>com.test.learning.parameter.DataProviderTest@6debcae2</td></tr>
<tr>
<td title='com.test.learning.parameter.DataProviderTest.test1()'><b>test1</b><br>Test class: com.test.learning.parameter.DataProviderTest<br>Parameters: 李四, 男, 15</td>
<td></td>
<td>0</td>
<td>com.test.learning.parameter.DataProviderTest@6debcae2</td></tr>
<tr>
<td title='com.test.learning.parameter.DataProviderTest.test2()'><b>test2</b><br>Test class: com.test.learning.parameter.DataProviderTest<br>Parameters: 小红, 女, 14</td>
<td></td>
<td>0</td>
<td>com.test.learning.parameter.DataProviderTest@6debcae2</td></tr>
<tr>
<td title='com.test.learning.parameter.DataProviderTest.test2()'><b>test2</b><br>Test class: com.test.learning.parameter.DataProviderTest<br>Parameters: 小燕子, 女, 18</td>
<td></td>
<td>0</td>
<td>com.test.learning.parameter.DataProviderTest@6debcae2</td></tr>
<tr>
<td title='com.test.learning.parameter.DataProviderTest.testDataProvide()'><b>testDataProvide</b><br>Test class: com.test.learning.parameter.DataProviderTest<br>Parameters: 张三, 男, 10</td>
<td></td>
<td>0</td>
<td>com.test.learning.parameter.DataProviderTest@6debcae2</td></tr>
<tr>
<td title='com.test.learning.parameter.DataProviderTest.testDataProvide()'><b>testDataProvide</b><br>Test class: com.test.learning.parameter.DataProviderTest<br>Parameters: 李四, 男, 15</td>
<td></td>
<td>0</td>
<td>com.test.learning.parameter.DataProviderTest@6debcae2</td></tr>
<tr>
<td title='com.test.learning.parameter.DataProviderTest.testDataProvide()'><b>testDataProvide</b><br>Test class: com.test.learning.parameter.DataProviderTest<br>Parameters: 小红, 女, 18</td>
<td></td>
<td>0</td>
<td>com.test.learning.parameter.DataProviderTest@6debcae2</td></tr>
<tr>
<td title='com.test.learning.TestCases.testOne()'><b>testOne</b><br>Test class: com.test.learning.TestCases</td>
<td></td>
<td>0</td>
<td>com.test.learning.TestCases@66d33a</td></tr>
<tr>
<td title='com.test.learning.TestCases.testTwo()'><b>testTwo</b><br>Test class: com.test.learning.TestCases</td>
<td></td>
<td>0</td>
<td>com.test.learning.TestCases@66d33a</td></tr>
<tr>
<td title='com.test.learning.TimeOutTest.timeOutSuccess()'><b>timeOutSuccess</b><br>Test class: com.test.learning.TimeOutTest</td>
<td></td>
<td>2</td>
<td>com.test.learning.TimeOutTest@3f0ee7cb</td></tr>
</table><p>
</body>
</html>