<?xml version="1.0" encoding="UTF-8"?>
<!-- Generated by org.testng.reporters.JUnitXMLReporter -->
<testsuite hostname="WIN10-20180414V" ignored="1" name="Command line test" tests="25" failures="2" timestamp="26 一月 2021 14:28:03 GMT" time="5.108" errors="0">
  <testcase name="ignoreTestOne" time="0.0" classname="com.test.learning.IgnoreTest"/>
  <testcase name="test1" time="0.0" classname="com.test.learning.multithread.MultiThreadTest"/>
  <testcase name="test1" time="0.016" classname="com.test.learning.multithread.MultiThreadTest"/>
  <testcase name="test1" time="0.0" classname="com.test.learning.multithread.MultiThreadTest"/>
  <testcase name="test1" time="0.0" classname="com.test.learning.multithread.MultiThreadTest"/>
  <testcase name="test1" time="0.0" classname="com.test.learning.multithread.MultiThreadTest"/>
  <testcase name="test1" time="0.0" classname="com.test.learning.multithread.MultiThreadTest"/>
  <testcase name="test1" time="0.0" classname="com.test.learning.multithread.MultiThreadTest"/>
  <testcase name="test1" time="0.0" classname="com.test.learning.multithread.MultiThreadTest"/>
  <testcase name="test1" time="0.0" classname="com.test.learning.multithread.MultiThreadTest"/>
  <testcase name="test1" time="0.016" classname="com.test.learning.multithread.MultiThreadTest"/>
  <testcase name="test1" time="0.0" classname="com.test.learning.parameter.DataProviderTest"/>
  <testcase name="test1" time="0.0" classname="com.test.learning.parameter.DataProviderTest"/>
  <testcase name="test2" time="0.0" classname="com.test.learning.parameter.DataProviderTest"/>
  <testcase name="test2" time="0.0" classname="com.test.learning.parameter.DataProviderTest"/>
  <testcase name="testDataProvide" time="0.0" classname="com.test.learning.parameter.DataProviderTest"/>
  <testcase name="testDataProvide" time="0.0" classname="com.test.learning.parameter.DataProviderTest"/>
  <testcase name="testDataProvide" time="0.0" classname="com.test.learning.parameter.DataProviderTest"/>
  <testcase name="parameterTest" time="0.0" classname="com.test.learning.parameter.ParameterTest">
    <failure type="org.testng.TestNGException" message="
Parameter &amp;apos;name&amp;apos; is required by @Test on method parameterTest but has not been marked @Optional or defined
">
      <![CDATA[org.testng.TestNGException: 
Parameter 'name' is required by @Test on method parameterTest but has not been marked @Optional or defined

... Removed 33 stack frames]]>
    </failure>
  </testcase> <!-- parameterTest -->
  <testcase name="loginTaoBao" time="0.0" classname="com.test.learning.suit.LoginTest"/>
  <testcase name="paySuccess" time="0.0" classname="com.test.learning.suit.PayTest"/>
  <testcase name="testOne" time="0.0" classname="com.test.learning.TestCases"/>
  <testcase name="testTwo" time="0.016" classname="com.test.learning.TestCases"/>
  <testcase name="timeOutFailed" time="3.015" classname="com.test.learning.TimeOutTest">
    <failure type="org.testng.internal.thread.ThreadTimeoutException" message="Method com.test.learning.TimeOutTest.timeOutFailed() didn&amp;apos;t finish within the time-out 3000">
      <![CDATA[org.testng.internal.thread.ThreadTimeoutException: Method com.test.learning.TimeOutTest.timeOutFailed() didn't finish within the time-out 3000
]]>
    </failure>
  </testcase> <!-- timeOutFailed -->
  <testcase name="timeOutSuccess" time="2.015" classname="com.test.learning.TimeOutTest"/>
  <testcase name="ignoreTestTwo" time="0.0" classname="com.test.learning.IgnoreTest">
    <ignored/>
  </testcase> <!-- ignoreTestTwo -->
</testsuite> <!-- Command line test -->
